logbak: 2018-05-31 10:18:14.686 [] [http-nio-8080-exec-4] INFO  com.alibaba.druid.pool.DruidDataSource [init:722] - {dataSource-1} inited
logbak: 2018-05-31 10:18:15.303 [] [http-nio-8080-exec-4] DEBUG com.wesite.normative.examine.dao.system.SysUserMapper.selectByExample [debug:159] - ==>  Preparing: select GUID, USER_NAME, LOGIN_ACCOUNT, USER_PASSWORD, SEX, BIRTHDAY, MOBILE, EMAIL, LOGIN_TIME, LAST_LOGIN_TIME, LOGIN_COUNT, ROLE_GUID, CREATE_BY, CREATE_TIME, UPDATE_BY, UPDATE_TIME from sys_user WHERE ( login_account = ? ) 
logbak: 2018-05-31 10:18:15.353 [] [http-nio-8080-exec-4] DEBUG com.wesite.normative.examine.dao.system.SysUserMapper.selectByExample [debug:159] - ==> Parameters: amdin(String)
logbak: 2018-05-31 10:18:15.418 [] [http-nio-8080-exec-4] DEBUG com.wesite.normative.examine.dao.system.SysUserMapper.selectByExample [debug:159] - <==      Total: 0
logbak: 2018-05-31 10:18:22.774 [] [http-nio-8080-exec-1] DEBUG com.wesite.normative.examine.dao.system.SysUserMapper.selectByExample [debug:159] - ==>  Preparing: select GUID, USER_NAME, LOGIN_ACCOUNT, USER_PASSWORD, SEX, BIRTHDAY, MOBILE, EMAIL, LOGIN_TIME, LAST_LOGIN_TIME, LOGIN_COUNT, ROLE_GUID, CREATE_BY, CREATE_TIME, UPDATE_BY, UPDATE_TIME from sys_user WHERE ( login_account = ? ) 
logbak: 2018-05-31 10:18:22.776 [] [http-nio-8080-exec-1] DEBUG com.wesite.normative.examine.dao.system.SysUserMapper.selectByExample [debug:159] - ==> Parameters: admin(String)
logbak: 2018-05-31 10:18:22.782 [] [http-nio-8080-exec-1] DEBUG com.wesite.normative.examine.dao.system.SysUserMapper.selectByExample [debug:159] - <==      Total: 1
logbak: 2018-05-31 10:18:22.784 [] [http-nio-8080-exec-1] DEBUG com.wesite.normative.examine.dao.system.SysUserMapper.updateByPrimaryKey [debug:159] - ==>  Preparing: update sys_user set USER_NAME = ?, LOGIN_ACCOUNT = ?, USER_PASSWORD = ?, SEX = ?, BIRTHDAY = ?, MOBILE = ?, EMAIL = ?, LOGIN_TIME = ?, LAST_LOGIN_TIME = ?, LOGIN_COUNT = ?, ROLE_GUID = ?, CREATE_BY = ?, CREATE_TIME = ?, UPDATE_BY = ?, UPDATE_TIME = ? where GUID = ? 
logbak: 2018-05-31 10:18:22.787 [] [http-nio-8080-exec-1] DEBUG com.wesite.normative.examine.dao.system.SysUserMapper.updateByPrimaryKey [debug:159] - ==> Parameters: 超级管理员(String), admin(String), e10adc3949ba59abbe56e057f20f883e(String), null, 2018-05-07(Date), null, null, 2018-05-31(Date), 2018-05-29(Date), 17(Long), null, null, null, null, 2018-05-07 14:35:15.0(Timestamp), 1(String)
logbak: 2018-05-31 10:18:22.818 [] [http-nio-8080-exec-1] DEBUG com.wesite.normative.examine.dao.system.SysUserMapper.updateByPrimaryKey [debug:159] - <==    Updates: 1
logbak: 2018-05-31 10:28:53.290 [] [http-nio-8080-exec-2] DEBUG com.wesite.normative.examine.dao.system.SysUserMapper.selectByExample [debug:159] - ==>  Preparing: select GUID, USER_NAME, LOGIN_ACCOUNT, USER_PASSWORD, SEX, BIRTHDAY, MOBILE, EMAIL, LOGIN_TIME, LAST_LOGIN_TIME, LOGIN_COUNT, ROLE_GUID, CREATE_BY, CREATE_TIME, UPDATE_BY, UPDATE_TIME from sys_user WHERE ( login_account = ? ) 
logbak: 2018-05-31 10:28:53.311 [] [http-nio-8080-exec-2] DEBUG com.wesite.normative.examine.dao.system.SysUserMapper.selectByExample [debug:159] - ==> Parameters: admin(String)
logbak: 2018-05-31 10:28:53.328 [] [http-nio-8080-exec-2] DEBUG com.wesite.normative.examine.dao.system.SysUserMapper.selectByExample [debug:159] - <==      Total: 1
logbak: 2018-05-31 10:28:53.332 [] [http-nio-8080-exec-2] DEBUG com.wesite.normative.examine.dao.system.SysUserMapper.updateByPrimaryKey [debug:159] - ==>  Preparing: update sys_user set USER_NAME = ?, LOGIN_ACCOUNT = ?, USER_PASSWORD = ?, SEX = ?, BIRTHDAY = ?, MOBILE = ?, EMAIL = ?, LOGIN_TIME = ?, LAST_LOGIN_TIME = ?, LOGIN_COUNT = ?, ROLE_GUID = ?, CREATE_BY = ?, CREATE_TIME = ?, UPDATE_BY = ?, UPDATE_TIME = ? where GUID = ? 
logbak: 2018-05-31 10:28:53.337 [] [http-nio-8080-exec-2] DEBUG com.wesite.normative.examine.dao.system.SysUserMapper.updateByPrimaryKey [debug:159] - ==> Parameters: 超级管理员(String), admin(String), e10adc3949ba59abbe56e057f20f883e(String), null, 2018-05-07(Date), null, null, 2018-05-31(Date), 2018-05-31(Date), 18(Long), null, null, null, null, 2018-05-07 14:35:15.0(Timestamp), 1(String)
logbak: 2018-05-31 10:28:53.347 [] [http-nio-8080-exec-2] DEBUG com.wesite.normative.examine.dao.system.SysUserMapper.updateByPrimaryKey [debug:159] - <==    Updates: 1
logbak: 2018-05-31 10:32:08.459 [] [http-nio-8080-exec-8] DEBUG com.wesite.normative.examine.dao.system.SysUserMapper.selectByExample [debug:159] - ==>  Preparing: select GUID, USER_NAME, LOGIN_ACCOUNT, USER_PASSWORD, SEX, BIRTHDAY, MOBILE, EMAIL, LOGIN_TIME, LAST_LOGIN_TIME, LOGIN_COUNT, ROLE_GUID, CREATE_BY, CREATE_TIME, UPDATE_BY, UPDATE_TIME from sys_user WHERE ( login_account = ? ) 
logbak: 2018-05-31 10:32:08.462 [] [http-nio-8080-exec-8] DEBUG com.wesite.normative.examine.dao.system.SysUserMapper.selectByExample [debug:159] - ==> Parameters: admin(String)
logbak: 2018-05-31 10:32:08.470 [] [http-nio-8080-exec-8] DEBUG com.wesite.normative.examine.dao.system.SysUserMapper.selectByExample [debug:159] - <==      Total: 1
logbak: 2018-05-31 10:32:08.473 [] [http-nio-8080-exec-8] DEBUG com.wesite.normative.examine.dao.system.SysUserMapper.updateByPrimaryKey [debug:159] - ==>  Preparing: update sys_user set USER_NAME = ?, LOGIN_ACCOUNT = ?, USER_PASSWORD = ?, SEX = ?, BIRTHDAY = ?, MOBILE = ?, EMAIL = ?, LOGIN_TIME = ?, LAST_LOGIN_TIME = ?, LOGIN_COUNT = ?, ROLE_GUID = ?, CREATE_BY = ?, CREATE_TIME = ?, UPDATE_BY = ?, UPDATE_TIME = ? where GUID = ? 
logbak: 2018-05-31 10:32:08.479 [] [http-nio-8080-exec-8] DEBUG com.wesite.normative.examine.dao.system.SysUserMapper.updateByPrimaryKey [debug:159] - ==> Parameters: 超级管理员(String), admin(String), e10adc3949ba59abbe56e057f20f883e(String), null, 2018-05-07(Date), null, null, 2018-05-31(Date), 2018-05-31(Date), 19(Long), null, null, null, null, 2018-05-07 14:35:15.0(Timestamp), 1(String)
logbak: 2018-05-31 10:32:08.488 [] [http-nio-8080-exec-8] DEBUG com.wesite.normative.examine.dao.system.SysUserMapper.updateByPrimaryKey [debug:159] - <==    Updates: 1
