logbak: 2018-05-14 18:03:38.566 [] [main] INFO  com.wesite.normative.examine.NormativeExamineApplication [logStarting:48] - Starting NormativeExamineApplication on WIN-C8M43KMG4F7 with PID 3400 (started by Administrator in E:\自己的项目\代码规范考核项目\normative-examine\server)
logbak: 2018-05-14 18:03:38.571 [] [main] INFO  com.wesite.normative.examine.NormativeExamineApplication [logStartupProfileInfo:593] - No active profile set, falling back to default profiles: default
logbak: 2018-05-14 18:03:38.777 [] [background-preinit] INFO  org.hibernate.validator.internal.util.Version [<clinit>:30] - HV000001: Hibernate Validator 5.3.6.Final
logbak: 2018-05-14 18:03:38.827 [] [main] INFO  org.springframework.boot.context.embedded.AnnotationConfigEmbeddedWebApplicationContext [prepareRefresh:583] - Refreshing org.springframework.boot.context.embedded.AnnotationConfigEmbeddedWebApplicationContext@7a67e3c6: startup date [Mon May 14 18:03:38 CST 2018]; root of context hierarchy
logbak: 2018-05-14 18:03:39.810 [] [main] INFO  org.springframework.context.support.PostProcessorRegistrationDelegate$BeanPostProcessorChecker [postProcessAfterInitialization:327] - Bean 'org.springframework.transaction.annotation.ProxyTransactionManagementConfiguration' of type [org.springframework.transaction.annotation.ProxyTransactionManagementConfiguration$$EnhancerBySpringCGLIB$$f5885c93] is not eligible for getting processed by all BeanPostProcessors (for example: not eligible for auto-proxying)
logbak: 2018-05-14 18:03:39.946 [] [main] INFO  org.springframework.context.support.PostProcessorRegistrationDelegate$BeanPostProcessorChecker [postProcessAfterInitialization:327] - Bean 'org.springframework.cache.annotation.ProxyCachingConfiguration' of type [org.springframework.cache.annotation.ProxyCachingConfiguration$$EnhancerBySpringCGLIB$$3e9a92b1] is not eligible for getting processed by all BeanPostProcessors (for example: not eligible for auto-proxying)
logbak: 2018-05-14 18:03:39.979 [] [main] INFO  org.springframework.context.support.PostProcessorRegistrationDelegate$BeanPostProcessorChecker [postProcessAfterInitialization:327] - Bean 'org.springframework.boot.autoconfigure.cache.CacheAutoConfiguration' of type [org.springframework.boot.autoconfigure.cache.CacheAutoConfiguration$$EnhancerBySpringCGLIB$$330e5755] is not eligible for getting processed by all BeanPostProcessors (for example: not eligible for auto-proxying)
logbak: 2018-05-14 18:03:40.148 [] [main] INFO  org.springframework.context.support.PostProcessorRegistrationDelegate$BeanPostProcessorChecker [postProcessAfterInitialization:327] - Bean 'spring.cache-org.springframework.boot.autoconfigure.cache.CacheProperties' of type [org.springframework.boot.autoconfigure.cache.CacheProperties] is not eligible for getting processed by all BeanPostProcessors (for example: not eligible for auto-proxying)
logbak: 2018-05-14 18:03:40.162 [] [main] INFO  org.springframework.context.support.PostProcessorRegistrationDelegate$BeanPostProcessorChecker [postProcessAfterInitialization:327] - Bean 'cacheManagerCustomizers' of type [org.springframework.boot.autoconfigure.cache.CacheManagerCustomizers] is not eligible for getting processed by all BeanPostProcessors (for example: not eligible for auto-proxying)
logbak: 2018-05-14 18:03:40.166 [] [main] INFO  org.springframework.context.support.PostProcessorRegistrationDelegate$BeanPostProcessorChecker [postProcessAfterInitialization:327] - Bean 'org.springframework.boot.autoconfigure.cache.SimpleCacheConfiguration' of type [org.springframework.boot.autoconfigure.cache.SimpleCacheConfiguration$$EnhancerBySpringCGLIB$$d4a9ca36] is not eligible for getting processed by all BeanPostProcessors (for example: not eligible for auto-proxying)
logbak: 2018-05-14 18:03:40.175 [] [main] INFO  org.springframework.context.support.PostProcessorRegistrationDelegate$BeanPostProcessorChecker [postProcessAfterInitialization:327] - Bean 'cacheManager' of type [org.springframework.cache.concurrent.ConcurrentMapCacheManager] is not eligible for getting processed by all BeanPostProcessors (for example: not eligible for auto-proxying)
logbak: 2018-05-14 18:03:40.176 [] [main] INFO  org.springframework.context.support.PostProcessorRegistrationDelegate$BeanPostProcessorChecker [postProcessAfterInitialization:327] - Bean 'cacheAutoConfigurationValidator' of type [org.springframework.boot.autoconfigure.cache.CacheAutoConfiguration$CacheManagerValidator] is not eligible for getting processed by all BeanPostProcessors (for example: not eligible for auto-proxying)
logbak: 2018-05-14 18:03:40.745 [] [main] INFO  org.springframework.boot.context.embedded.tomcat.TomcatEmbeddedServletContainer [initialize:89] - Tomcat initialized with port(s): 8080 (http)
logbak: 2018-05-14 18:03:40.757 [] [main] INFO  org.apache.catalina.core.StandardService [log:180] - Starting service [Tomcat]
logbak: 2018-05-14 18:03:40.758 [] [main] INFO  org.apache.catalina.core.StandardEngine [log:180] - Starting Servlet Engine: Apache Tomcat/8.5.27
logbak: 2018-05-14 18:03:40.879 [] [localhost-startStop-1] INFO  org.apache.catalina.core.ContainerBase.[Tomcat].[localhost].[/normativeExamine] [log:180] - Initializing Spring embedded WebApplicationContext
logbak: 2018-05-14 18:03:40.879 [] [localhost-startStop-1] INFO  org.springframework.web.context.ContextLoader [prepareEmbeddedWebApplicationContext:276] - Root WebApplicationContext: initialization completed in 2052 ms
logbak: 2018-05-14 18:03:41.035 [] [localhost-startStop-1] INFO  org.springframework.boot.web.servlet.ServletRegistrationBean [onStartup:190] - Mapping servlet: 'dispatcherServlet' to [/]
logbak: 2018-05-14 18:03:41.040 [] [localhost-startStop-1] INFO  org.springframework.boot.web.servlet.FilterRegistrationBean [configure:258] - Mapping filter: 'characterEncodingFilter' to: [/*]
logbak: 2018-05-14 18:03:41.041 [] [localhost-startStop-1] INFO  org.springframework.boot.web.servlet.FilterRegistrationBean [configure:258] - Mapping filter: 'hiddenHttpMethodFilter' to: [/*]
logbak: 2018-05-14 18:03:41.041 [] [localhost-startStop-1] INFO  org.springframework.boot.web.servlet.FilterRegistrationBean [configure:258] - Mapping filter: 'httpPutFormContentFilter' to: [/*]
logbak: 2018-05-14 18:03:41.042 [] [localhost-startStop-1] INFO  org.springframework.boot.web.servlet.FilterRegistrationBean [configure:258] - Mapping filter: 'requestContextFilter' to: [/*]
logbak: 2018-05-14 18:03:42.074 [] [main] INFO  org.springframework.web.servlet.mvc.method.annotation.RequestMappingHandlerMapping [register:543] - Mapped "{[/login/doLogin],methods=[POST]}" onto public com.wesite.normative.examine.entity.BaseResult com.wesite.normative.examine.controller.system.LoginController.doLogin(com.wesite.normative.examine.entity.login.LoginEntity,javax.servlet.http.HttpServletRequest)
logbak: 2018-05-14 18:03:42.075 [] [main] INFO  org.springframework.web.servlet.mvc.method.annotation.RequestMappingHandlerMapping [register:543] - Mapped "{[/login/getVerify],methods=[GET]}" onto public com.wesite.normative.examine.entity.BaseResult com.wesite.normative.examine.controller.system.LoginController.getVerify(javax.servlet.http.HttpServletRequest) throws java.io.IOException
logbak: 2018-05-14 18:03:42.076 [] [main] INFO  org.springframework.web.servlet.mvc.method.annotation.RequestMappingHandlerMapping [register:543] - Mapped "{[/v2/api-docs],methods=[GET],produces=[application/json || application/hal+json]}" onto public org.springframework.http.ResponseEntity<springfox.documentation.spring.web.json.Json> springfox.documentation.swagger2.web.Swagger2Controller.getDocumentation(java.lang.String,javax.servlet.http.HttpServletRequest)
logbak: 2018-05-14 18:03:42.078 [] [main] INFO  org.springframework.web.servlet.mvc.method.annotation.RequestMappingHandlerMapping [register:543] - Mapped "{[/swagger-resources/configuration/security]}" onto org.springframework.http.ResponseEntity<springfox.documentation.swagger.web.SecurityConfiguration> springfox.documentation.swagger.web.ApiResourceController.securityConfiguration()
logbak: 2018-05-14 18:03:42.079 [] [main] INFO  org.springframework.web.servlet.mvc.method.annotation.RequestMappingHandlerMapping [register:543] - Mapped "{[/swagger-resources]}" onto org.springframework.http.ResponseEntity<java.util.List<springfox.documentation.swagger.web.SwaggerResource>> springfox.documentation.swagger.web.ApiResourceController.swaggerResources()
logbak: 2018-05-14 18:03:42.080 [] [main] INFO  org.springframework.web.servlet.mvc.method.annotation.RequestMappingHandlerMapping [register:543] - Mapped "{[/swagger-resources/configuration/ui]}" onto org.springframework.http.ResponseEntity<springfox.documentation.swagger.web.UiConfiguration> springfox.documentation.swagger.web.ApiResourceController.uiConfiguration()
logbak: 2018-05-14 18:03:42.083 [] [main] INFO  org.springframework.web.servlet.mvc.method.annotation.RequestMappingHandlerMapping [register:543] - Mapped "{[/error]}" onto public org.springframework.http.ResponseEntity<java.util.Map<java.lang.String, java.lang.Object>> org.springframework.boot.autoconfigure.web.BasicErrorController.error(javax.servlet.http.HttpServletRequest)
logbak: 2018-05-14 18:03:42.083 [] [main] INFO  org.springframework.web.servlet.mvc.method.annotation.RequestMappingHandlerMapping [register:543] - Mapped "{[/error],produces=[text/html]}" onto public org.springframework.web.servlet.ModelAndView org.springframework.boot.autoconfigure.web.BasicErrorController.errorHtml(javax.servlet.http.HttpServletRequest,javax.servlet.http.HttpServletResponse)
logbak: 2018-05-14 18:03:42.480 [] [main] INFO  org.springframework.web.servlet.mvc.method.annotation.RequestMappingHandlerAdapter [initControllerAdviceCache:534] - Looking for @ControllerAdvice: org.springframework.boot.context.embedded.AnnotationConfigEmbeddedWebApplicationContext@7a67e3c6: startup date [Mon May 14 18:03:38 CST 2018]; root of context hierarchy
logbak: 2018-05-14 18:03:42.645 [] [main] INFO  org.springframework.web.servlet.handler.SimpleUrlHandlerMapping [registerHandler:362] - Mapped URL path [/webjars/**] onto handler of type [class org.springframework.web.servlet.resource.ResourceHttpRequestHandler]
logbak: 2018-05-14 18:03:42.646 [] [main] INFO  org.springframework.web.servlet.handler.SimpleUrlHandlerMapping [registerHandler:362] - Mapped URL path [/**] onto handler of type [class org.springframework.web.servlet.resource.ResourceHttpRequestHandler]
logbak: 2018-05-14 18:03:42.672 [] [main] INFO  org.springframework.web.servlet.mvc.method.annotation.ExceptionHandlerExceptionResolver [initExceptionHandlerAdviceCache:273] - Detected @ExceptionHandler methods in baseExceptionHandler
logbak: 2018-05-14 18:03:42.717 [] [main] INFO  org.springframework.web.servlet.handler.SimpleUrlHandlerMapping [registerHandler:362] - Mapped URL path [/**/favicon.ico] onto handler of type [class org.springframework.web.servlet.resource.ResourceHttpRequestHandler]
logbak: 2018-05-14 18:03:42.773 [] [main] WARN  org.springframework.boot.autoconfigure.thymeleaf.AbstractTemplateResolverConfiguration [checkTemplateLocationExists:60] - Cannot find template location: classpath:/templates/ (please add some templates or check your Thymeleaf configuration)
logbak: 2018-05-14 18:03:43.919 [] [main] INFO  org.springframework.jmx.export.annotation.AnnotationMBeanExporter [afterSingletonsInstantiated:431] - Registering beans for JMX exposure on startup
logbak: 2018-05-14 18:03:43.928 [] [main] INFO  org.springframework.jmx.export.annotation.AnnotationMBeanExporter [autodetect:916] - Bean with name 'dataSource' has been autodetected for JMX exposure
logbak: 2018-05-14 18:03:43.934 [] [main] INFO  org.springframework.jmx.export.annotation.AnnotationMBeanExporter [registerBeanInstance:671] - Located MBean 'dataSource': registering with JMX server as MBean [com.alibaba.druid.pool:name=dataSource,type=DruidDataSource]
logbak: 2018-05-14 18:03:43.956 [] [main] INFO  org.springframework.context.support.DefaultLifecycleProcessor [start:343] - Starting beans in phase 2147483647
logbak: 2018-05-14 18:03:43.956 [] [main] INFO  springfox.documentation.spring.web.plugins.DocumentationPluginsBootstrapper [start:120] - Context refreshed
logbak: 2018-05-14 18:03:44.032 [] [main] INFO  springfox.documentation.spring.web.plugins.DocumentationPluginsBootstrapper [start:123] - Found 1 custom documentation plugin(s)
logbak: 2018-05-14 18:03:44.059 [] [main] INFO  springfox.documentation.spring.web.scanners.ApiListingReferenceScanner [scan:41] - Scanning for api listing references
logbak: 2018-05-14 18:03:44.467 [] [main] INFO  org.apache.coyote.http11.Http11NioProtocol [log:180] - Initializing ProtocolHandler ["http-nio-8080"]
logbak: 2018-05-14 18:03:44.475 [] [main] INFO  org.apache.coyote.http11.Http11NioProtocol [log:180] - Starting ProtocolHandler ["http-nio-8080"]
logbak: 2018-05-14 18:03:44.487 [] [main] INFO  org.apache.tomcat.util.net.NioSelectorPool [log:180] - Using a shared selector for servlet write/read
logbak: 2018-05-14 18:03:44.561 [] [main] INFO  org.springframework.boot.context.embedded.tomcat.TomcatEmbeddedServletContainer [start:201] - Tomcat started on port(s): 8080 (http)
logbak: 2018-05-14 18:03:44.565 [] [main] INFO  com.wesite.normative.examine.NormativeExamineApplication [logStarted:57] - Started NormativeExamineApplication in 6.666 seconds (JVM running for 7.932)
logbak: 2018-05-14 18:07:43.551 [] [http-nio-8080-exec-1] INFO  org.apache.catalina.core.ContainerBase.[Tomcat].[localhost].[/normativeExamine] [log:180] - Initializing Spring FrameworkServlet 'dispatcherServlet'
logbak: 2018-05-14 18:07:43.551 [] [http-nio-8080-exec-1] INFO  org.springframework.web.servlet.DispatcherServlet [initServletBean:489] - FrameworkServlet 'dispatcherServlet': initialization started
logbak: 2018-05-14 18:07:43.573 [] [http-nio-8080-exec-1] INFO  org.springframework.web.servlet.DispatcherServlet [initServletBean:508] - FrameworkServlet 'dispatcherServlet': initialization completed in 22 ms
logbak: 2018-05-14 18:08:26.462 [] [http-nio-8080-exec-6] INFO  com.wesite.normative.examine.systemConfig.BaseExceptionHandler [handleException:38] - 异常信息{}
org.springframework.web.HttpRequestMethodNotSupportedException: Request method 'GET' not supported
	at org.springframework.web.servlet.mvc.method.RequestMappingInfoHandlerMapping.handleNoMatch(RequestMappingInfoHandlerMapping.java:207)
	at org.springframework.web.servlet.handler.AbstractHandlerMethodMapping.lookupHandlerMethod(AbstractHandlerMethodMapping.java:374)
	at org.springframework.web.servlet.handler.AbstractHandlerMethodMapping.getHandlerInternal(AbstractHandlerMethodMapping.java:314)
	at org.springframework.web.servlet.handler.AbstractHandlerMethodMapping.getHandlerInternal(AbstractHandlerMethodMapping.java:61)
	at org.springframework.web.servlet.handler.AbstractHandlerMapping.getHandler(AbstractHandlerMapping.java:352)
	at org.springframework.web.servlet.DispatcherServlet.getHandler(DispatcherServlet.java:1160)
	at org.springframework.web.servlet.DispatcherServlet.doDispatch(DispatcherServlet.java:940)
	at org.springframework.web.servlet.DispatcherServlet.doService(DispatcherServlet.java:901)
	at org.springframework.web.servlet.FrameworkServlet.processRequest(FrameworkServlet.java:970)
	at org.springframework.web.servlet.FrameworkServlet.doGet(FrameworkServlet.java:861)
	at javax.servlet.http.HttpServlet.service(HttpServlet.java:635)
	at org.springframework.web.servlet.FrameworkServlet.service(FrameworkServlet.java:846)
	at javax.servlet.http.HttpServlet.service(HttpServlet.java:742)
	at org.apache.catalina.core.ApplicationFilterChain.internalDoFilter(ApplicationFilterChain.java:231)
	at org.apache.catalina.core.ApplicationFilterChain.doFilter(ApplicationFilterChain.java:166)
	at org.apache.tomcat.websocket.server.WsFilter.doFilter(WsFilter.java:52)
	at org.apache.catalina.core.ApplicationFilterChain.internalDoFilter(ApplicationFilterChain.java:193)
	at org.apache.catalina.core.ApplicationFilterChain.doFilter(ApplicationFilterChain.java:166)
	at org.springframework.web.filter.RequestContextFilter.doFilterInternal(RequestContextFilter.java:99)
	at org.springframework.web.filter.OncePerRequestFilter.doFilter(OncePerRequestFilter.java:107)
	at org.apache.catalina.core.ApplicationFilterChain.internalDoFilter(ApplicationFilterChain.java:193)
	at org.apache.catalina.core.ApplicationFilterChain.doFilter(ApplicationFilterChain.java:166)
	at org.springframework.web.filter.HttpPutFormContentFilter.doFilterInternal(HttpPutFormContentFilter.java:108)
	at org.springframework.web.filter.OncePerRequestFilter.doFilter(OncePerRequestFilter.java:107)
	at org.apache.catalina.core.ApplicationFilterChain.internalDoFilter(ApplicationFilterChain.java:193)
	at org.apache.catalina.core.ApplicationFilterChain.doFilter(ApplicationFilterChain.java:166)
	at org.springframework.web.filter.HiddenHttpMethodFilter.doFilterInternal(HiddenHttpMethodFilter.java:81)
	at org.springframework.web.filter.OncePerRequestFilter.doFilter(OncePerRequestFilter.java:107)
	at org.apache.catalina.core.ApplicationFilterChain.internalDoFilter(ApplicationFilterChain.java:193)
	at org.apache.catalina.core.ApplicationFilterChain.doFilter(ApplicationFilterChain.java:166)
	at org.springframework.web.filter.CharacterEncodingFilter.doFilterInternal(CharacterEncodingFilter.java:197)
	at org.springframework.web.filter.OncePerRequestFilter.doFilter(OncePerRequestFilter.java:107)
	at org.apache.catalina.core.ApplicationFilterChain.internalDoFilter(ApplicationFilterChain.java:193)
	at org.apache.catalina.core.ApplicationFilterChain.doFilter(ApplicationFilterChain.java:166)
	at org.apache.catalina.core.StandardWrapperValve.invoke(StandardWrapperValve.java:199)
	at org.apache.catalina.core.StandardContextValve.invoke(StandardContextValve.java:96)
	at org.apache.catalina.authenticator.AuthenticatorBase.invoke(AuthenticatorBase.java:504)
	at org.apache.catalina.core.StandardHostValve.invoke(StandardHostValve.java:140)
	at org.apache.catalina.valves.ErrorReportValve.invoke(ErrorReportValve.java:81)
	at org.apache.catalina.core.StandardEngineValve.invoke(StandardEngineValve.java:87)
	at org.apache.catalina.connector.CoyoteAdapter.service(CoyoteAdapter.java:342)
	at org.apache.coyote.http11.Http11Processor.service(Http11Processor.java:803)
	at org.apache.coyote.AbstractProcessorLight.process(AbstractProcessorLight.java:66)
	at org.apache.coyote.AbstractProtocol$ConnectionHandler.process(AbstractProtocol.java:790)
	at org.apache.tomcat.util.net.NioEndpoint$SocketProcessor.doRun(NioEndpoint.java:1459)
	at org.apache.tomcat.util.net.SocketProcessorBase.run(SocketProcessorBase.java:49)
	at java.util.concurrent.ThreadPoolExecutor.runWorker(ThreadPoolExecutor.java:1142)
	at java.util.concurrent.ThreadPoolExecutor$Worker.run(ThreadPoolExecutor.java:617)
	at org.apache.tomcat.util.threads.TaskThread$WrappingRunnable.run(TaskThread.java:61)
	at java.lang.Thread.run(Thread.java:748)
logbak: 2018-05-14 18:16:15.796 [] [main] INFO  com.wesite.normative.examine.NormativeExamineApplication [logStarting:48] - Starting NormativeExamineApplication on WIN-C8M43KMG4F7 with PID 15936 (started by Administrator in E:\自己的项目\代码规范考核项目\normative-examine\server)
logbak: 2018-05-14 18:16:15.799 [] [main] INFO  com.wesite.normative.examine.NormativeExamineApplication [logStartupProfileInfo:593] - No active profile set, falling back to default profiles: default
logbak: 2018-05-14 18:16:15.994 [] [background-preinit] INFO  org.hibernate.validator.internal.util.Version [<clinit>:30] - HV000001: Hibernate Validator 5.3.6.Final
logbak: 2018-05-14 18:16:16.051 [] [main] INFO  org.springframework.boot.context.embedded.AnnotationConfigEmbeddedWebApplicationContext [prepareRefresh:583] - Refreshing org.springframework.boot.context.embedded.AnnotationConfigEmbeddedWebApplicationContext@7a67e3c6: startup date [Mon May 14 18:16:16 CST 2018]; root of context hierarchy
logbak: 2018-05-14 18:16:17.095 [] [main] INFO  org.springframework.context.support.PostProcessorRegistrationDelegate$BeanPostProcessorChecker [postProcessAfterInitialization:327] - Bean 'org.springframework.transaction.annotation.ProxyTransactionManagementConfiguration' of type [org.springframework.transaction.annotation.ProxyTransactionManagementConfiguration$$EnhancerBySpringCGLIB$$941d64f2] is not eligible for getting processed by all BeanPostProcessors (for example: not eligible for auto-proxying)
logbak: 2018-05-14 18:16:17.174 [] [main] INFO  org.springframework.context.support.PostProcessorRegistrationDelegate$BeanPostProcessorChecker [postProcessAfterInitialization:327] - Bean 'org.springframework.cache.annotation.ProxyCachingConfiguration' of type [org.springframework.cache.annotation.ProxyCachingConfiguration$$EnhancerBySpringCGLIB$$dd2f9b10] is not eligible for getting processed by all BeanPostProcessors (for example: not eligible for auto-proxying)
logbak: 2018-05-14 18:16:17.188 [] [main] INFO  org.springframework.context.support.PostProcessorRegistrationDelegate$BeanPostProcessorChecker [postProcessAfterInitialization:327] - Bean 'org.springframework.boot.autoconfigure.cache.CacheAutoConfiguration' of type [org.springframework.boot.autoconfigure.cache.CacheAutoConfiguration$$EnhancerBySpringCGLIB$$d1a35fb4] is not eligible for getting processed by all BeanPostProcessors (for example: not eligible for auto-proxying)
logbak: 2018-05-14 18:16:17.253 [] [main] INFO  org.springframework.context.support.PostProcessorRegistrationDelegate$BeanPostProcessorChecker [postProcessAfterInitialization:327] - Bean 'spring.cache-org.springframework.boot.autoconfigure.cache.CacheProperties' of type [org.springframework.boot.autoconfigure.cache.CacheProperties] is not eligible for getting processed by all BeanPostProcessors (for example: not eligible for auto-proxying)
logbak: 2018-05-14 18:16:17.261 [] [main] INFO  org.springframework.context.support.PostProcessorRegistrationDelegate$BeanPostProcessorChecker [postProcessAfterInitialization:327] - Bean 'cacheManagerCustomizers' of type [org.springframework.boot.autoconfigure.cache.CacheManagerCustomizers] is not eligible for getting processed by all BeanPostProcessors (for example: not eligible for auto-proxying)
logbak: 2018-05-14 18:16:17.264 [] [main] INFO  org.springframework.context.support.PostProcessorRegistrationDelegate$BeanPostProcessorChecker [postProcessAfterInitialization:327] - Bean 'org.springframework.boot.autoconfigure.cache.SimpleCacheConfiguration' of type [org.springframework.boot.autoconfigure.cache.SimpleCacheConfiguration$$EnhancerBySpringCGLIB$$733ed295] is not eligible for getting processed by all BeanPostProcessors (for example: not eligible for auto-proxying)
logbak: 2018-05-14 18:16:17.270 [] [main] INFO  org.springframework.context.support.PostProcessorRegistrationDelegate$BeanPostProcessorChecker [postProcessAfterInitialization:327] - Bean 'cacheManager' of type [org.springframework.cache.concurrent.ConcurrentMapCacheManager] is not eligible for getting processed by all BeanPostProcessors (for example: not eligible for auto-proxying)
logbak: 2018-05-14 18:16:17.271 [] [main] INFO  org.springframework.context.support.PostProcessorRegistrationDelegate$BeanPostProcessorChecker [postProcessAfterInitialization:327] - Bean 'cacheAutoConfigurationValidator' of type [org.springframework.boot.autoconfigure.cache.CacheAutoConfiguration$CacheManagerValidator] is not eligible for getting processed by all BeanPostProcessors (for example: not eligible for auto-proxying)
logbak: 2018-05-14 18:16:17.577 [] [main] INFO  org.springframework.boot.context.embedded.tomcat.TomcatEmbeddedServletContainer [initialize:89] - Tomcat initialized with port(s): 8080 (http)
logbak: 2018-05-14 18:16:17.587 [] [main] INFO  org.apache.catalina.core.StandardService [log:180] - Starting service [Tomcat]
logbak: 2018-05-14 18:16:17.588 [] [main] INFO  org.apache.catalina.core.StandardEngine [log:180] - Starting Servlet Engine: Apache Tomcat/8.5.27
logbak: 2018-05-14 18:16:17.694 [] [localhost-startStop-1] INFO  org.apache.catalina.core.ContainerBase.[Tomcat].[localhost].[/normativeExamine] [log:180] - Initializing Spring embedded WebApplicationContext
logbak: 2018-05-14 18:16:17.694 [] [localhost-startStop-1] INFO  org.springframework.web.context.ContextLoader [prepareEmbeddedWebApplicationContext:276] - Root WebApplicationContext: initialization completed in 1643 ms
logbak: 2018-05-14 18:16:17.850 [] [localhost-startStop-1] INFO  org.springframework.boot.web.servlet.ServletRegistrationBean [onStartup:190] - Mapping servlet: 'dispatcherServlet' to [/]
logbak: 2018-05-14 18:16:17.854 [] [localhost-startStop-1] INFO  org.springframework.boot.web.servlet.FilterRegistrationBean [configure:258] - Mapping filter: 'characterEncodingFilter' to: [/*]
logbak: 2018-05-14 18:16:17.855 [] [localhost-startStop-1] INFO  org.springframework.boot.web.servlet.FilterRegistrationBean [configure:258] - Mapping filter: 'hiddenHttpMethodFilter' to: [/*]
logbak: 2018-05-14 18:16:17.856 [] [localhost-startStop-1] INFO  org.springframework.boot.web.servlet.FilterRegistrationBean [configure:258] - Mapping filter: 'httpPutFormContentFilter' to: [/*]
logbak: 2018-05-14 18:16:17.856 [] [localhost-startStop-1] INFO  org.springframework.boot.web.servlet.FilterRegistrationBean [configure:258] - Mapping filter: 'requestContextFilter' to: [/*]
logbak: 2018-05-14 18:16:18.778 [] [main] INFO  org.springframework.web.servlet.mvc.method.annotation.RequestMappingHandlerMapping [register:543] - Mapped "{[/login/getVerify],methods=[GET]}" onto public com.wesite.normative.examine.entity.BaseResult com.wesite.normative.examine.controller.system.LoginController.getVerify(javax.servlet.http.HttpServletRequest) throws java.io.IOException
logbak: 2018-05-14 18:16:18.779 [] [main] INFO  org.springframework.web.servlet.mvc.method.annotation.RequestMappingHandlerMapping [register:543] - Mapped "{[/login/doLogin],methods=[POST]}" onto public com.wesite.normative.examine.entity.BaseResult com.wesite.normative.examine.controller.system.LoginController.doLogin(com.wesite.normative.examine.entity.login.LoginEntity,javax.servlet.http.HttpServletRequest)
logbak: 2018-05-14 18:16:18.780 [] [main] INFO  org.springframework.web.servlet.mvc.method.annotation.RequestMappingHandlerMapping [register:543] - Mapped "{[/v2/api-docs],methods=[GET],produces=[application/json || application/hal+json]}" onto public org.springframework.http.ResponseEntity<springfox.documentation.spring.web.json.Json> springfox.documentation.swagger2.web.Swagger2Controller.getDocumentation(java.lang.String,javax.servlet.http.HttpServletRequest)
logbak: 2018-05-14 18:16:18.783 [] [main] INFO  org.springframework.web.servlet.mvc.method.annotation.RequestMappingHandlerMapping [register:543] - Mapped "{[/swagger-resources]}" onto org.springframework.http.ResponseEntity<java.util.List<springfox.documentation.swagger.web.SwaggerResource>> springfox.documentation.swagger.web.ApiResourceController.swaggerResources()
logbak: 2018-05-14 18:16:18.783 [] [main] INFO  org.springframework.web.servlet.mvc.method.annotation.RequestMappingHandlerMapping [register:543] - Mapped "{[/swagger-resources/configuration/ui]}" onto org.springframework.http.ResponseEntity<springfox.documentation.swagger.web.UiConfiguration> springfox.documentation.swagger.web.ApiResourceController.uiConfiguration()
logbak: 2018-05-14 18:16:18.784 [] [main] INFO  org.springframework.web.servlet.mvc.method.annotation.RequestMappingHandlerMapping [register:543] - Mapped "{[/swagger-resources/configuration/security]}" onto org.springframework.http.ResponseEntity<springfox.documentation.swagger.web.SecurityConfiguration> springfox.documentation.swagger.web.ApiResourceController.securityConfiguration()
logbak: 2018-05-14 18:16:18.786 [] [main] INFO  org.springframework.web.servlet.mvc.method.annotation.RequestMappingHandlerMapping [register:543] - Mapped "{[/error]}" onto public org.springframework.http.ResponseEntity<java.util.Map<java.lang.String, java.lang.Object>> org.springframework.boot.autoconfigure.web.BasicErrorController.error(javax.servlet.http.HttpServletRequest)
logbak: 2018-05-14 18:16:18.786 [] [main] INFO  org.springframework.web.servlet.mvc.method.annotation.RequestMappingHandlerMapping [register:543] - Mapped "{[/error],produces=[text/html]}" onto public org.springframework.web.servlet.ModelAndView org.springframework.boot.autoconfigure.web.BasicErrorController.errorHtml(javax.servlet.http.HttpServletRequest,javax.servlet.http.HttpServletResponse)
logbak: 2018-05-14 18:16:19.089 [] [main] INFO  org.springframework.web.servlet.mvc.method.annotation.RequestMappingHandlerAdapter [initControllerAdviceCache:534] - Looking for @ControllerAdvice: org.springframework.boot.context.embedded.AnnotationConfigEmbeddedWebApplicationContext@7a67e3c6: startup date [Mon May 14 18:16:16 CST 2018]; root of context hierarchy
logbak: 2018-05-14 18:16:19.146 [] [main] INFO  org.springframework.web.servlet.handler.SimpleUrlHandlerMapping [registerHandler:362] - Mapped URL path [/webjars/**] onto handler of type [class org.springframework.web.servlet.resource.ResourceHttpRequestHandler]
logbak: 2018-05-14 18:16:19.146 [] [main] INFO  org.springframework.web.servlet.handler.SimpleUrlHandlerMapping [registerHandler:362] - Mapped URL path [/**] onto handler of type [class org.springframework.web.servlet.resource.ResourceHttpRequestHandler]
logbak: 2018-05-14 18:16:19.163 [] [main] INFO  org.springframework.web.servlet.mvc.method.annotation.ExceptionHandlerExceptionResolver [initExceptionHandlerAdviceCache:273] - Detected @ExceptionHandler methods in baseExceptionHandler
logbak: 2018-05-14 18:16:19.186 [] [main] INFO  org.springframework.web.servlet.handler.SimpleUrlHandlerMapping [registerHandler:362] - Mapped URL path [/**/favicon.ico] onto handler of type [class org.springframework.web.servlet.resource.ResourceHttpRequestHandler]
logbak: 2018-05-14 18:16:19.223 [] [main] WARN  org.springframework.boot.autoconfigure.thymeleaf.AbstractTemplateResolverConfiguration [checkTemplateLocationExists:60] - Cannot find template location: classpath:/templates/ (please add some templates or check your Thymeleaf configuration)
logbak: 2018-05-14 18:16:19.754 [] [main] INFO  org.springframework.jmx.export.annotation.AnnotationMBeanExporter [afterSingletonsInstantiated:431] - Registering beans for JMX exposure on startup
logbak: 2018-05-14 18:16:19.757 [] [main] INFO  org.springframework.jmx.export.annotation.AnnotationMBeanExporter [autodetect:916] - Bean with name 'dataSource' has been autodetected for JMX exposure
logbak: 2018-05-14 18:16:19.763 [] [main] INFO  org.springframework.jmx.export.annotation.AnnotationMBeanExporter [registerBeanInstance:671] - Located MBean 'dataSource': registering with JMX server as MBean [com.alibaba.druid.pool:name=dataSource,type=DruidDataSource]
logbak: 2018-05-14 18:16:19.767 [] [main] INFO  org.springframework.context.support.DefaultLifecycleProcessor [start:343] - Starting beans in phase 2147483647
logbak: 2018-05-14 18:16:19.767 [] [main] INFO  springfox.documentation.spring.web.plugins.DocumentationPluginsBootstrapper [start:120] - Context refreshed
logbak: 2018-05-14 18:16:19.780 [] [main] INFO  springfox.documentation.spring.web.plugins.DocumentationPluginsBootstrapper [start:123] - Found 1 custom documentation plugin(s)
logbak: 2018-05-14 18:16:19.791 [] [main] INFO  springfox.documentation.spring.web.scanners.ApiListingReferenceScanner [scan:41] - Scanning for api listing references
logbak: 2018-05-14 18:16:19.911 [] [main] INFO  org.apache.coyote.http11.Http11NioProtocol [log:180] - Initializing ProtocolHandler ["http-nio-8080"]
logbak: 2018-05-14 18:16:19.917 [] [main] INFO  org.apache.coyote.http11.Http11NioProtocol [log:180] - Starting ProtocolHandler ["http-nio-8080"]
logbak: 2018-05-14 18:16:19.927 [] [main] INFO  org.apache.tomcat.util.net.NioSelectorPool [log:180] - Using a shared selector for servlet write/read
logbak: 2018-05-14 18:16:19.941 [] [main] INFO  org.springframework.boot.context.embedded.tomcat.TomcatEmbeddedServletContainer [start:201] - Tomcat started on port(s): 8080 (http)
logbak: 2018-05-14 18:16:19.946 [] [main] INFO  com.wesite.normative.examine.NormativeExamineApplication [logStarted:57] - Started NormativeExamineApplication in 4.55 seconds (JVM running for 5.489)
logbak: 2018-05-14 18:16:28.527 [] [http-nio-8080-exec-1] INFO  org.apache.catalina.core.ContainerBase.[Tomcat].[localhost].[/normativeExamine] [log:180] - Initializing Spring FrameworkServlet 'dispatcherServlet'
logbak: 2018-05-14 18:16:28.527 [] [http-nio-8080-exec-1] INFO  org.springframework.web.servlet.DispatcherServlet [initServletBean:489] - FrameworkServlet 'dispatcherServlet': initialization started
logbak: 2018-05-14 18:16:28.547 [] [http-nio-8080-exec-1] INFO  org.springframework.web.servlet.DispatcherServlet [initServletBean:508] - FrameworkServlet 'dispatcherServlet': initialization completed in 20 ms
logbak: 2018-05-14 21:43:57.629 [] [main] INFO  com.wesite.normative.examine.NormativeExamineApplication [logStarting:48] - Starting NormativeExamineApplication on WIN-C8M43KMG4F7 with PID 13652 (started by Administrator in E:\自己的项目\代码规范考核项目\normative-examine\server)
logbak: 2018-05-14 21:43:57.633 [] [main] INFO  com.wesite.normative.examine.NormativeExamineApplication [logStartupProfileInfo:593] - No active profile set, falling back to default profiles: default
logbak: 2018-05-14 21:43:57.969 [] [background-preinit] INFO  org.hibernate.validator.internal.util.Version [<clinit>:30] - HV000001: Hibernate Validator 5.3.6.Final
logbak: 2018-05-14 21:43:58.064 [] [main] INFO  org.springframework.boot.context.embedded.AnnotationConfigEmbeddedWebApplicationContext [prepareRefresh:583] - Refreshing org.springframework.boot.context.embedded.AnnotationConfigEmbeddedWebApplicationContext@7a67e3c6: startup date [Mon May 14 21:43:58 CST 2018]; root of context hierarchy
logbak: 2018-05-14 21:44:00.316 [] [main] INFO  org.springframework.context.support.PostProcessorRegistrationDelegate$BeanPostProcessorChecker [postProcessAfterInitialization:327] - Bean 'org.springframework.transaction.annotation.ProxyTransactionManagementConfiguration' of type [org.springframework.transaction.annotation.ProxyTransactionManagementConfiguration$$EnhancerBySpringCGLIB$$61bb6df0] is not eligible for getting processed by all BeanPostProcessors (for example: not eligible for auto-proxying)
logbak: 2018-05-14 21:44:00.482 [] [main] INFO  org.springframework.context.support.PostProcessorRegistrationDelegate$BeanPostProcessorChecker [postProcessAfterInitialization:327] - Bean 'org.springframework.cache.annotation.ProxyCachingConfiguration' of type [org.springframework.cache.annotation.ProxyCachingConfiguration$$EnhancerBySpringCGLIB$$aacda40e] is not eligible for getting processed by all BeanPostProcessors (for example: not eligible for auto-proxying)
logbak: 2018-05-14 21:44:00.519 [] [main] INFO  org.springframework.context.support.PostProcessorRegistrationDelegate$BeanPostProcessorChecker [postProcessAfterInitialization:327] - Bean 'org.springframework.boot.autoconfigure.cache.CacheAutoConfiguration' of type [org.springframework.boot.autoconfigure.cache.CacheAutoConfiguration$$EnhancerBySpringCGLIB$$9f4168b2] is not eligible for getting processed by all BeanPostProcessors (for example: not eligible for auto-proxying)
logbak: 2018-05-14 21:44:00.654 [] [main] INFO  org.springframework.context.support.PostProcessorRegistrationDelegate$BeanPostProcessorChecker [postProcessAfterInitialization:327] - Bean 'spring.cache-org.springframework.boot.autoconfigure.cache.CacheProperties' of type [org.springframework.boot.autoconfigure.cache.CacheProperties] is not eligible for getting processed by all BeanPostProcessors (for example: not eligible for auto-proxying)
logbak: 2018-05-14 21:44:00.663 [] [main] INFO  org.springframework.context.support.PostProcessorRegistrationDelegate$BeanPostProcessorChecker [postProcessAfterInitialization:327] - Bean 'cacheManagerCustomizers' of type [org.springframework.boot.autoconfigure.cache.CacheManagerCustomizers] is not eligible for getting processed by all BeanPostProcessors (for example: not eligible for auto-proxying)
logbak: 2018-05-14 21:44:00.667 [] [main] INFO  org.springframework.context.support.PostProcessorRegistrationDelegate$BeanPostProcessorChecker [postProcessAfterInitialization:327] - Bean 'org.springframework.boot.autoconfigure.cache.SimpleCacheConfiguration' of type [org.springframework.boot.autoconfigure.cache.SimpleCacheConfiguration$$EnhancerBySpringCGLIB$$40dcdb93] is not eligible for getting processed by all BeanPostProcessors (for example: not eligible for auto-proxying)
logbak: 2018-05-14 21:44:00.677 [] [main] INFO  org.springframework.context.support.PostProcessorRegistrationDelegate$BeanPostProcessorChecker [postProcessAfterInitialization:327] - Bean 'cacheManager' of type [org.springframework.cache.concurrent.ConcurrentMapCacheManager] is not eligible for getting processed by all BeanPostProcessors (for example: not eligible for auto-proxying)
logbak: 2018-05-14 21:44:00.679 [] [main] INFO  org.springframework.context.support.PostProcessorRegistrationDelegate$BeanPostProcessorChecker [postProcessAfterInitialization:327] - Bean 'cacheAutoConfigurationValidator' of type [org.springframework.boot.autoconfigure.cache.CacheAutoConfiguration$CacheManagerValidator] is not eligible for getting processed by all BeanPostProcessors (for example: not eligible for auto-proxying)
logbak: 2018-05-14 21:44:01.123 [] [main] INFO  org.springframework.boot.context.embedded.tomcat.TomcatEmbeddedServletContainer [initialize:89] - Tomcat initialized with port(s): 8080 (http)
logbak: 2018-05-14 21:44:01.137 [] [main] INFO  org.apache.catalina.core.StandardService [log:180] - Starting service [Tomcat]
logbak: 2018-05-14 21:44:01.139 [] [main] INFO  org.apache.catalina.core.StandardEngine [log:180] - Starting Servlet Engine: Apache Tomcat/8.5.27
logbak: 2018-05-14 21:44:01.333 [] [localhost-startStop-1] INFO  org.apache.catalina.core.ContainerBase.[Tomcat].[localhost].[/normativeExamine] [log:180] - Initializing Spring embedded WebApplicationContext
logbak: 2018-05-14 21:44:01.335 [] [localhost-startStop-1] INFO  org.springframework.web.context.ContextLoader [prepareEmbeddedWebApplicationContext:276] - Root WebApplicationContext: initialization completed in 3271 ms
logbak: 2018-05-14 21:44:01.642 [] [localhost-startStop-1] INFO  org.springframework.boot.web.servlet.ServletRegistrationBean [onStartup:190] - Mapping servlet: 'dispatcherServlet' to [/]
logbak: 2018-05-14 21:44:01.652 [] [localhost-startStop-1] INFO  org.springframework.boot.web.servlet.FilterRegistrationBean [configure:258] - Mapping filter: 'characterEncodingFilter' to: [/*]
logbak: 2018-05-14 21:44:01.653 [] [localhost-startStop-1] INFO  org.springframework.boot.web.servlet.FilterRegistrationBean [configure:258] - Mapping filter: 'hiddenHttpMethodFilter' to: [/*]
logbak: 2018-05-14 21:44:01.654 [] [localhost-startStop-1] INFO  org.springframework.boot.web.servlet.FilterRegistrationBean [configure:258] - Mapping filter: 'httpPutFormContentFilter' to: [/*]
logbak: 2018-05-14 21:44:01.654 [] [localhost-startStop-1] INFO  org.springframework.boot.web.servlet.FilterRegistrationBean [configure:258] - Mapping filter: 'requestContextFilter' to: [/*]
logbak: 2018-05-14 21:44:03.077 [] [main] INFO  org.springframework.web.servlet.mvc.method.annotation.RequestMappingHandlerMapping [register:543] - Mapped "{[/login/doLogin],methods=[POST]}" onto public com.wesite.normative.examine.entity.BaseResult com.wesite.normative.examine.controller.system.LoginController.doLogin(com.wesite.normative.examine.entity.login.LoginEntity,javax.servlet.http.HttpServletRequest)
logbak: 2018-05-14 21:44:03.078 [] [main] INFO  org.springframework.web.servlet.mvc.method.annotation.RequestMappingHandlerMapping [register:543] - Mapped "{[/login/getVerify],methods=[GET]}" onto public com.wesite.normative.examine.entity.BaseResult com.wesite.normative.examine.controller.system.LoginController.getVerify(javax.servlet.http.HttpServletRequest) throws java.io.IOException
logbak: 2018-05-14 21:44:03.080 [] [main] INFO  org.springframework.web.servlet.mvc.method.annotation.RequestMappingHandlerMapping [register:543] - Mapped "{[/v2/api-docs],methods=[GET],produces=[application/json || application/hal+json]}" onto public org.springframework.http.ResponseEntity<springfox.documentation.spring.web.json.Json> springfox.documentation.swagger2.web.Swagger2Controller.getDocumentation(java.lang.String,javax.servlet.http.HttpServletRequest)
logbak: 2018-05-14 21:44:03.083 [] [main] INFO  org.springframework.web.servlet.mvc.method.annotation.RequestMappingHandlerMapping [register:543] - Mapped "{[/swagger-resources/configuration/security]}" onto org.springframework.http.ResponseEntity<springfox.documentation.swagger.web.SecurityConfiguration> springfox.documentation.swagger.web.ApiResourceController.securityConfiguration()
logbak: 2018-05-14 21:44:03.084 [] [main] INFO  org.springframework.web.servlet.mvc.method.annotation.RequestMappingHandlerMapping [register:543] - Mapped "{[/swagger-resources/configuration/ui]}" onto org.springframework.http.ResponseEntity<springfox.documentation.swagger.web.UiConfiguration> springfox.documentation.swagger.web.ApiResourceController.uiConfiguration()
logbak: 2018-05-14 21:44:03.085 [] [main] INFO  org.springframework.web.servlet.mvc.method.annotation.RequestMappingHandlerMapping [register:543] - Mapped "{[/swagger-resources]}" onto org.springframework.http.ResponseEntity<java.util.List<springfox.documentation.swagger.web.SwaggerResource>> springfox.documentation.swagger.web.ApiResourceController.swaggerResources()
logbak: 2018-05-14 21:44:03.088 [] [main] INFO  org.springframework.web.servlet.mvc.method.annotation.RequestMappingHandlerMapping [register:543] - Mapped "{[/error]}" onto public org.springframework.http.ResponseEntity<java.util.Map<java.lang.String, java.lang.Object>> org.springframework.boot.autoconfigure.web.BasicErrorController.error(javax.servlet.http.HttpServletRequest)
logbak: 2018-05-14 21:44:03.089 [] [main] INFO  org.springframework.web.servlet.mvc.method.annotation.RequestMappingHandlerMapping [register:543] - Mapped "{[/error],produces=[text/html]}" onto public org.springframework.web.servlet.ModelAndView org.springframework.boot.autoconfigure.web.BasicErrorController.errorHtml(javax.servlet.http.HttpServletRequest,javax.servlet.http.HttpServletResponse)
logbak: 2018-05-14 21:44:03.509 [] [main] INFO  org.springframework.web.servlet.mvc.method.annotation.RequestMappingHandlerAdapter [initControllerAdviceCache:534] - Looking for @ControllerAdvice: org.springframework.boot.context.embedded.AnnotationConfigEmbeddedWebApplicationContext@7a67e3c6: startup date [Mon May 14 21:43:58 CST 2018]; root of context hierarchy
logbak: 2018-05-14 21:44:03.567 [] [main] INFO  org.springframework.web.servlet.handler.SimpleUrlHandlerMapping [registerHandler:362] - Mapped URL path [/webjars/**] onto handler of type [class org.springframework.web.servlet.resource.ResourceHttpRequestHandler]
logbak: 2018-05-14 21:44:03.567 [] [main] INFO  org.springframework.web.servlet.handler.SimpleUrlHandlerMapping [registerHandler:362] - Mapped URL path [/**] onto handler of type [class org.springframework.web.servlet.resource.ResourceHttpRequestHandler]
logbak: 2018-05-14 21:44:03.587 [] [main] INFO  org.springframework.web.servlet.mvc.method.annotation.ExceptionHandlerExceptionResolver [initExceptionHandlerAdviceCache:273] - Detected @ExceptionHandler methods in baseExceptionHandler
logbak: 2018-05-14 21:44:03.614 [] [main] INFO  org.springframework.web.servlet.handler.SimpleUrlHandlerMapping [registerHandler:362] - Mapped URL path [/**/favicon.ico] onto handler of type [class org.springframework.web.servlet.resource.ResourceHttpRequestHandler]
logbak: 2018-05-14 21:44:03.650 [] [main] WARN  org.springframework.boot.autoconfigure.thymeleaf.AbstractTemplateResolverConfiguration [checkTemplateLocationExists:60] - Cannot find template location: classpath:/templates/ (please add some templates or check your Thymeleaf configuration)
logbak: 2018-05-14 21:44:04.292 [] [main] INFO  org.springframework.jmx.export.annotation.AnnotationMBeanExporter [afterSingletonsInstantiated:431] - Registering beans for JMX exposure on startup
logbak: 2018-05-14 21:44:04.295 [] [main] INFO  org.springframework.jmx.export.annotation.AnnotationMBeanExporter [autodetect:916] - Bean with name 'dataSource' has been autodetected for JMX exposure
logbak: 2018-05-14 21:44:04.302 [] [main] INFO  org.springframework.jmx.export.annotation.AnnotationMBeanExporter [registerBeanInstance:671] - Located MBean 'dataSource': registering with JMX server as MBean [com.alibaba.druid.pool:name=dataSource,type=DruidDataSource]
logbak: 2018-05-14 21:44:04.307 [] [main] INFO  org.springframework.context.support.DefaultLifecycleProcessor [start:343] - Starting beans in phase 2147483647
logbak: 2018-05-14 21:44:04.308 [] [main] INFO  springfox.documentation.spring.web.plugins.DocumentationPluginsBootstrapper [start:120] - Context refreshed
logbak: 2018-05-14 21:44:04.329 [] [main] INFO  springfox.documentation.spring.web.plugins.DocumentationPluginsBootstrapper [start:123] - Found 1 custom documentation plugin(s)
logbak: 2018-05-14 21:44:04.348 [] [main] INFO  springfox.documentation.spring.web.scanners.ApiListingReferenceScanner [scan:41] - Scanning for api listing references
logbak: 2018-05-14 21:44:04.586 [] [main] INFO  org.apache.coyote.http11.Http11NioProtocol [log:180] - Initializing ProtocolHandler ["http-nio-8080"]
logbak: 2018-05-14 21:44:04.601 [] [main] INFO  org.apache.coyote.http11.Http11NioProtocol [log:180] - Starting ProtocolHandler ["http-nio-8080"]
logbak: 2018-05-14 21:44:04.622 [] [main] INFO  org.apache.tomcat.util.net.NioSelectorPool [log:180] - Using a shared selector for servlet write/read
logbak: 2018-05-14 21:44:04.648 [] [main] INFO  org.springframework.boot.context.embedded.tomcat.TomcatEmbeddedServletContainer [start:201] - Tomcat started on port(s): 8080 (http)
logbak: 2018-05-14 21:44:04.659 [] [main] INFO  com.wesite.normative.examine.NormativeExamineApplication [logStarted:57] - Started NormativeExamineApplication in 7.747 seconds (JVM running for 10.354)
logbak: 2018-05-14 21:44:48.760 [] [main] INFO  com.wesite.normative.examine.NormativeExamineApplication [logStarting:48] - Starting NormativeExamineApplication on WIN-C8M43KMG4F7 with PID 6736 (started by Administrator in E:\自己的项目\代码规范考核项目\normative-examine\server)
logbak: 2018-05-14 21:44:48.765 [] [main] INFO  com.wesite.normative.examine.NormativeExamineApplication [logStartupProfileInfo:593] - No active profile set, falling back to default profiles: default
logbak: 2018-05-14 21:44:48.961 [] [background-preinit] INFO  org.hibernate.validator.internal.util.Version [<clinit>:30] - HV000001: Hibernate Validator 5.3.6.Final
logbak: 2018-05-14 21:44:49.017 [] [main] INFO  org.springframework.boot.context.embedded.AnnotationConfigEmbeddedWebApplicationContext [prepareRefresh:583] - Refreshing org.springframework.boot.context.embedded.AnnotationConfigEmbeddedWebApplicationContext@7a67e3c6: startup date [Mon May 14 21:44:49 CST 2018]; root of context hierarchy
logbak: 2018-05-14 21:44:50.531 [] [main] INFO  org.springframework.context.support.PostProcessorRegistrationDelegate$BeanPostProcessorChecker [postProcessAfterInitialization:327] - Bean 'org.springframework.transaction.annotation.ProxyTransactionManagementConfiguration' of type [org.springframework.transaction.annotation.ProxyTransactionManagementConfiguration$$EnhancerBySpringCGLIB$$4143539f] is not eligible for getting processed by all BeanPostProcessors (for example: not eligible for auto-proxying)
logbak: 2018-05-14 21:44:50.647 [] [main] INFO  org.springframework.context.support.PostProcessorRegistrationDelegate$BeanPostProcessorChecker [postProcessAfterInitialization:327] - Bean 'org.springframework.cache.annotation.ProxyCachingConfiguration' of type [org.springframework.cache.annotation.ProxyCachingConfiguration$$EnhancerBySpringCGLIB$$8a5589bd] is not eligible for getting processed by all BeanPostProcessors (for example: not eligible for auto-proxying)
logbak: 2018-05-14 21:44:50.665 [] [main] INFO  org.springframework.context.support.PostProcessorRegistrationDelegate$BeanPostProcessorChecker [postProcessAfterInitialization:327] - Bean 'org.springframework.boot.autoconfigure.cache.CacheAutoConfiguration' of type [org.springframework.boot.autoconfigure.cache.CacheAutoConfiguration$$EnhancerBySpringCGLIB$$7ec94e61] is not eligible for getting processed by all BeanPostProcessors (for example: not eligible for auto-proxying)
logbak: 2018-05-14 21:44:50.749 [] [main] INFO  org.springframework.context.support.PostProcessorRegistrationDelegate$BeanPostProcessorChecker [postProcessAfterInitialization:327] - Bean 'spring.cache-org.springframework.boot.autoconfigure.cache.CacheProperties' of type [org.springframework.boot.autoconfigure.cache.CacheProperties] is not eligible for getting processed by all BeanPostProcessors (for example: not eligible for auto-proxying)
logbak: 2018-05-14 21:44:50.760 [] [main] INFO  org.springframework.context.support.PostProcessorRegistrationDelegate$BeanPostProcessorChecker [postProcessAfterInitialization:327] - Bean 'cacheManagerCustomizers' of type [org.springframework.boot.autoconfigure.cache.CacheManagerCustomizers] is not eligible for getting processed by all BeanPostProcessors (for example: not eligible for auto-proxying)
logbak: 2018-05-14 21:44:50.764 [] [main] INFO  org.springframework.context.support.PostProcessorRegistrationDelegate$BeanPostProcessorChecker [postProcessAfterInitialization:327] - Bean 'org.springframework.boot.autoconfigure.cache.SimpleCacheConfiguration' of type [org.springframework.boot.autoconfigure.cache.SimpleCacheConfiguration$$EnhancerBySpringCGLIB$$2064c142] is not eligible for getting processed by all BeanPostProcessors (for example: not eligible for auto-proxying)
logbak: 2018-05-14 21:44:50.771 [] [main] INFO  org.springframework.context.support.PostProcessorRegistrationDelegate$BeanPostProcessorChecker [postProcessAfterInitialization:327] - Bean 'cacheManager' of type [org.springframework.cache.concurrent.ConcurrentMapCacheManager] is not eligible for getting processed by all BeanPostProcessors (for example: not eligible for auto-proxying)
logbak: 2018-05-14 21:44:50.772 [] [main] INFO  org.springframework.context.support.PostProcessorRegistrationDelegate$BeanPostProcessorChecker [postProcessAfterInitialization:327] - Bean 'cacheAutoConfigurationValidator' of type [org.springframework.boot.autoconfigure.cache.CacheAutoConfiguration$CacheManagerValidator] is not eligible for getting processed by all BeanPostProcessors (for example: not eligible for auto-proxying)
logbak: 2018-05-14 21:44:51.044 [] [main] INFO  org.springframework.boot.context.embedded.tomcat.TomcatEmbeddedServletContainer [initialize:89] - Tomcat initialized with port(s): 8080 (http)
logbak: 2018-05-14 21:44:51.051 [] [main] INFO  org.apache.catalina.core.StandardService [log:180] - Starting service [Tomcat]
logbak: 2018-05-14 21:44:51.052 [] [main] INFO  org.apache.catalina.core.StandardEngine [log:180] - Starting Servlet Engine: Apache Tomcat/8.5.27
logbak: 2018-05-14 21:44:51.152 [] [localhost-startStop-1] INFO  org.apache.catalina.core.ContainerBase.[Tomcat].[localhost].[/normativeExamine] [log:180] - Initializing Spring embedded WebApplicationContext
logbak: 2018-05-14 21:44:51.153 [] [localhost-startStop-1] INFO  org.springframework.web.context.ContextLoader [prepareEmbeddedWebApplicationContext:276] - Root WebApplicationContext: initialization completed in 2136 ms
logbak: 2018-05-14 21:44:51.307 [] [localhost-startStop-1] INFO  org.springframework.boot.web.servlet.ServletRegistrationBean [onStartup:190] - Mapping servlet: 'dispatcherServlet' to [/]
logbak: 2018-05-14 21:44:51.311 [] [localhost-startStop-1] INFO  org.springframework.boot.web.servlet.FilterRegistrationBean [configure:258] - Mapping filter: 'characterEncodingFilter' to: [/*]
logbak: 2018-05-14 21:44:51.312 [] [localhost-startStop-1] INFO  org.springframework.boot.web.servlet.FilterRegistrationBean [configure:258] - Mapping filter: 'hiddenHttpMethodFilter' to: [/*]
logbak: 2018-05-14 21:44:51.312 [] [localhost-startStop-1] INFO  org.springframework.boot.web.servlet.FilterRegistrationBean [configure:258] - Mapping filter: 'httpPutFormContentFilter' to: [/*]
logbak: 2018-05-14 21:44:51.312 [] [localhost-startStop-1] INFO  org.springframework.boot.web.servlet.FilterRegistrationBean [configure:258] - Mapping filter: 'requestContextFilter' to: [/*]
logbak: 2018-05-14 21:44:52.232 [] [main] INFO  org.springframework.web.servlet.mvc.method.annotation.RequestMappingHandlerMapping [register:543] - Mapped "{[/login/doLogin],methods=[POST]}" onto public com.wesite.normative.examine.entity.BaseResult com.wesite.normative.examine.controller.system.LoginController.doLogin(com.wesite.normative.examine.entity.login.LoginEntity,javax.servlet.http.HttpServletRequest)
logbak: 2018-05-14 21:44:52.234 [] [main] INFO  org.springframework.web.servlet.mvc.method.annotation.RequestMappingHandlerMapping [register:543] - Mapped "{[/login/getVerify],methods=[GET]}" onto public com.wesite.normative.examine.entity.BaseResult com.wesite.normative.examine.controller.system.LoginController.getVerify(javax.servlet.http.HttpServletRequest) throws java.io.IOException
logbak: 2018-05-14 21:44:52.235 [] [main] INFO  org.springframework.web.servlet.mvc.method.annotation.RequestMappingHandlerMapping [register:543] - Mapped "{[/v2/api-docs],methods=[GET],produces=[application/json || application/hal+json]}" onto public org.springframework.http.ResponseEntity<springfox.documentation.spring.web.json.Json> springfox.documentation.swagger2.web.Swagger2Controller.getDocumentation(java.lang.String,javax.servlet.http.HttpServletRequest)
logbak: 2018-05-14 21:44:52.238 [] [main] INFO  org.springframework.web.servlet.mvc.method.annotation.RequestMappingHandlerMapping [register:543] - Mapped "{[/swagger-resources/configuration/security]}" onto org.springframework.http.ResponseEntity<springfox.documentation.swagger.web.SecurityConfiguration> springfox.documentation.swagger.web.ApiResourceController.securityConfiguration()
logbak: 2018-05-14 21:44:52.239 [] [main] INFO  org.springframework.web.servlet.mvc.method.annotation.RequestMappingHandlerMapping [register:543] - Mapped "{[/swagger-resources]}" onto org.springframework.http.ResponseEntity<java.util.List<springfox.documentation.swagger.web.SwaggerResource>> springfox.documentation.swagger.web.ApiResourceController.swaggerResources()
logbak: 2018-05-14 21:44:52.241 [] [main] INFO  org.springframework.web.servlet.mvc.method.annotation.RequestMappingHandlerMapping [register:543] - Mapped "{[/swagger-resources/configuration/ui]}" onto org.springframework.http.ResponseEntity<springfox.documentation.swagger.web.UiConfiguration> springfox.documentation.swagger.web.ApiResourceController.uiConfiguration()
logbak: 2018-05-14 21:44:52.245 [] [main] INFO  org.springframework.web.servlet.mvc.method.annotation.RequestMappingHandlerMapping [register:543] - Mapped "{[/error]}" onto public org.springframework.http.ResponseEntity<java.util.Map<java.lang.String, java.lang.Object>> org.springframework.boot.autoconfigure.web.BasicErrorController.error(javax.servlet.http.HttpServletRequest)
logbak: 2018-05-14 21:44:52.246 [] [main] INFO  org.springframework.web.servlet.mvc.method.annotation.RequestMappingHandlerMapping [register:543] - Mapped "{[/error],produces=[text/html]}" onto public org.springframework.web.servlet.ModelAndView org.springframework.boot.autoconfigure.web.BasicErrorController.errorHtml(javax.servlet.http.HttpServletRequest,javax.servlet.http.HttpServletResponse)
logbak: 2018-05-14 21:44:52.700 [] [main] INFO  org.springframework.web.servlet.mvc.method.annotation.RequestMappingHandlerAdapter [initControllerAdviceCache:534] - Looking for @ControllerAdvice: org.springframework.boot.context.embedded.AnnotationConfigEmbeddedWebApplicationContext@7a67e3c6: startup date [Mon May 14 21:44:49 CST 2018]; root of context hierarchy
logbak: 2018-05-14 21:44:52.751 [] [main] INFO  org.springframework.web.servlet.handler.SimpleUrlHandlerMapping [registerHandler:362] - Mapped URL path [/webjars/**] onto handler of type [class org.springframework.web.servlet.resource.ResourceHttpRequestHandler]
logbak: 2018-05-14 21:44:52.751 [] [main] INFO  org.springframework.web.servlet.handler.SimpleUrlHandlerMapping [registerHandler:362] - Mapped URL path [/**] onto handler of type [class org.springframework.web.servlet.resource.ResourceHttpRequestHandler]
logbak: 2018-05-14 21:44:52.768 [] [main] INFO  org.springframework.web.servlet.mvc.method.annotation.ExceptionHandlerExceptionResolver [initExceptionHandlerAdviceCache:273] - Detected @ExceptionHandler methods in baseExceptionHandler
logbak: 2018-05-14 21:44:52.789 [] [main] INFO  org.springframework.web.servlet.handler.SimpleUrlHandlerMapping [registerHandler:362] - Mapped URL path [/**/favicon.ico] onto handler of type [class org.springframework.web.servlet.resource.ResourceHttpRequestHandler]
logbak: 2018-05-14 21:44:52.819 [] [main] WARN  org.springframework.boot.autoconfigure.thymeleaf.AbstractTemplateResolverConfiguration [checkTemplateLocationExists:60] - Cannot find template location: classpath:/templates/ (please add some templates or check your Thymeleaf configuration)
logbak: 2018-05-14 21:44:53.336 [] [main] INFO  org.springframework.jmx.export.annotation.AnnotationMBeanExporter [afterSingletonsInstantiated:431] - Registering beans for JMX exposure on startup
logbak: 2018-05-14 21:44:53.339 [] [main] INFO  org.springframework.jmx.export.annotation.AnnotationMBeanExporter [autodetect:916] - Bean with name 'dataSource' has been autodetected for JMX exposure
logbak: 2018-05-14 21:44:53.344 [] [main] INFO  org.springframework.jmx.export.annotation.AnnotationMBeanExporter [registerBeanInstance:671] - Located MBean 'dataSource': registering with JMX server as MBean [com.alibaba.druid.pool:name=dataSource,type=DruidDataSource]
logbak: 2018-05-14 21:44:53.348 [] [main] INFO  org.springframework.context.support.DefaultLifecycleProcessor [start:343] - Starting beans in phase 2147483647
logbak: 2018-05-14 21:44:53.348 [] [main] INFO  springfox.documentation.spring.web.plugins.DocumentationPluginsBootstrapper [start:120] - Context refreshed
logbak: 2018-05-14 21:44:53.361 [] [main] INFO  springfox.documentation.spring.web.plugins.DocumentationPluginsBootstrapper [start:123] - Found 1 custom documentation plugin(s)
logbak: 2018-05-14 21:44:53.372 [] [main] INFO  springfox.documentation.spring.web.scanners.ApiListingReferenceScanner [scan:41] - Scanning for api listing references
logbak: 2018-05-14 21:44:53.498 [] [main] INFO  org.apache.coyote.http11.Http11NioProtocol [log:180] - Initializing ProtocolHandler ["http-nio-8080"]
logbak: 2018-05-14 21:44:53.504 [] [main] INFO  org.apache.coyote.http11.Http11NioProtocol [log:180] - Starting ProtocolHandler ["http-nio-8080"]
logbak: 2018-05-14 21:44:53.513 [] [main] INFO  org.apache.tomcat.util.net.NioSelectorPool [log:180] - Using a shared selector for servlet write/read
logbak: 2018-05-14 21:44:53.526 [] [main] INFO  org.springframework.boot.context.embedded.tomcat.TomcatEmbeddedServletContainer [start:201] - Tomcat started on port(s): 8080 (http)
logbak: 2018-05-14 21:44:53.530 [] [main] INFO  com.wesite.normative.examine.NormativeExamineApplication [logStarted:57] - Started NormativeExamineApplication in 5.16 seconds (JVM running for 6.244)
logbak: 2018-05-14 21:45:02.764 [] [http-nio-8080-exec-1] INFO  org.apache.catalina.core.ContainerBase.[Tomcat].[localhost].[/normativeExamine] [log:180] - Initializing Spring FrameworkServlet 'dispatcherServlet'
logbak: 2018-05-14 21:45:02.765 [] [http-nio-8080-exec-1] INFO  org.springframework.web.servlet.DispatcherServlet [initServletBean:489] - FrameworkServlet 'dispatcherServlet': initialization started
logbak: 2018-05-14 21:45:02.786 [] [http-nio-8080-exec-1] INFO  org.springframework.web.servlet.DispatcherServlet [initServletBean:508] - FrameworkServlet 'dispatcherServlet': initialization completed in 21 ms
logbak: 2018-05-14 21:45:39.549 [] [http-nio-8080-exec-7] INFO  com.wesite.normative.examine.controller.system.LoginController [doLogin:51] - 我进来了
logbak: 2018-05-14 21:55:58.846 [] [http-nio-8080-exec-7] INFO  com.wesite.normative.examine.controller.system.LoginController [doLogin:51] - 我进来了
